2025-09-30 22:18:01,479 - database - INFO - Успешное подключение к базе данных
2025-09-30 22:18:01,487 - database - ERROR - Ошибка создания таблиц: ОШИБКА:  нужно быть владельцем таблицы favorites

2025-09-30 22:26:35,256 - database - INFO - Успешное подключение к базе данных
2025-09-30 22:26:35,264 - database - INFO - Таблицы базы данных созданы успешно
2025-09-30 22:26:35,264 - __main__ - INFO - VKinder bot запущен!
2025-09-30 22:27:26,113 - vk_service - INFO - Получена информация о пользователе 256828992
2025-09-30 22:27:26,121 - database - INFO - Пользователь 256828992 добавлен/обновлен в БД
2025-09-30 22:27:26,975 - __main__ - ERROR - Ошибка отправки сообщения пользователю 256828992: [912] This is a chat bot feature, change this status in settings: Chat bot feature
2025-09-30 22:28:29,143 - __main__ - ERROR - Ошибка отправки сообщения пользователю 256828992: [912] This is a chat bot feature, change this status in settings: Chat bot feature
2025-09-30 22:33:16,313 - database - INFO - Успешное подключение к базе данных
2025-09-30 22:33:16,322 - database - INFO - Таблицы базы данных созданы успешно
2025-09-30 22:33:16,322 - __main__ - INFO - VKinder bot запущен!
2025-09-30 22:33:32,801 - vk_service - INFO - Поиск людей с параметрами: {'count': 100, 'fields': 'bdate,city,photo_100,sex', 'status': '1,5,6,7', 'has_photo': 1, 'sort': 0, 'sex': 2, 'age_from': 18, 'age_to': 35}
2025-09-30 22:33:33,309 - vk_service - ERROR - Ошибка VK API при поиске людей: [27] Group authorization failed: method is unavailable with group auth.
2025-09-30 22:34:19,610 - vk_service - INFO - Поиск людей с параметрами: {'count': 100, 'fields': 'bdate,city,photo_100,sex', 'status': '1,5,6,7', 'has_photo': 1, 'sort': 0, 'sex': 2, 'age_from': 18, 'age_to': 35}
2025-09-30 22:34:20,120 - vk_service - ERROR - Ошибка VK API при поиске людей: [27] Group authorization failed: method is unavailable with group auth.
2025-09-30 22:49:53,022 - __main__ - INFO - VKinder bot остановлен пользователем
2025-09-30 22:49:53,027 - database - INFO - Соединение с базой данных закрыто
2025-09-30 22:54:04,295 - database - INFO - Успешное подключение к базе данных
2025-09-30 22:54:04,304 - database - INFO - Таблицы базы данных созданы успешно
2025-09-30 22:54:04,305 - __main__ - INFO - VKinder bot запущен!
2025-09-30 22:54:14,596 - vk_service - INFO - Поиск людей с параметрами: {'count': 100, 'fields': 'bdate,city,photo_100,sex', 'status': '1,5,6,7', 'has_photo': 1, 'sort': 0, 'sex': 2, 'age_from': 18, 'age_to': 35}
2025-09-30 22:54:16,293 - vk_service - ERROR - Ошибка VK API при поиске людей: [100] One of the parameters specified was missing or invalid: status not integer
2025-09-30 22:56:02,883 - database - INFO - Успешное подключение к базе данных
2025-09-30 22:56:02,891 - database - INFO - Таблицы базы данных созданы успешно
2025-09-30 22:56:02,892 - __main__ - INFO - VKinder bot запущен!
2025-09-30 22:56:10,209 - vk_service - INFO - Поиск людей с параметрами: {'count': 100, 'fields': 'bdate,city,photo_100,sex', 'has_photo': 1, 'sort': 0, 'sex': 2, 'age_from': 18, 'age_to': 35}
2025-09-30 22:56:13,578 - vk_service - INFO - Найдено 100 кандидатов
2025-09-30 22:56:14,019 - vk_service - ERROR - Ошибка VK API при получении фото 85185517: [27] Group authorization failed: method is unavailable with group auth.
2025-09-30 22:57:09,332 - vk_service - ERROR - Ошибка VK API при получении фото 259888921: [27] Group authorization failed: method is unavailable with group auth.
2025-09-30 22:58:02,141 - database - INFO - Кандидат 259888921 добавлен в избранное пользователя 256828992
2025-09-30 22:58:02,940 - vk_service - ERROR - Ошибка VK API при получении фото 94153271: [27] Group authorization failed: method is unavailable with group auth.
2025-09-30 22:58:15,141 - database - INFO - Кандидат 94153271 добавлен в черный список пользователя 256828992
2025-09-30 22:58:15,886 - vk_service - ERROR - Ошибка VK API при получении фото 249338557: [27] Group authorization failed: method is unavailable with group auth.
2025-09-30 23:00:04,929 - vk_service - INFO - Поиск людей с параметрами: {'count': 100, 'fields': 'bdate,city,photo_100,sex', 'has_photo': 1, 'sort': 0, 'sex': 2, 'age_from': 18, 'age_to': 35}
2025-09-30 23:00:06,870 - vk_service - INFO - Найдено 100 кандидатов
2025-09-30 23:00:07,027 - vk_service - ERROR - Ошибка VK API при получении фото 1770436: [27] Group authorization failed: method is unavailable with group auth.
2025-09-30 23:02:11,553 - vk_service - INFO - Поиск людей с параметрами: {'count': 100, 'fields': 'bdate,city,photo_100,sex', 'has_photo': 1, 'sort': 0, 'sex': 2, 'age_from': 18, 'age_to': 35}
2025-09-30 23:02:12,084 - vk_service - INFO - Найдено 100 кандидатов
2025-09-30 23:02:12,263 - vk_service - ERROR - Ошибка VK API при получении фото 42067701: [27] Group authorization failed: method is unavailable with group auth.
2025-09-30 23:04:10,301 - database - INFO - Успешное подключение к базе данных
2025-09-30 23:04:10,309 - database - INFO - Таблицы базы данных созданы успешно
2025-09-30 23:04:10,310 - __main__ - INFO - VKinder bot запущен!
2025-09-30 23:04:16,747 - vk_service - INFO - Поиск людей с параметрами: {'count': 100, 'fields': 'bdate,city,photo_100,sex', 'has_photo': 1, 'sort': 0, 'sex': 2, 'age_from': 18, 'age_to': 35}
2025-09-30 23:04:18,814 - vk_service - INFO - Найдено 100 кандидатов
2025-09-30 23:04:18,968 - vk_service - ERROR - Ошибка VK API при получении фото 454658070: [27] Group authorization failed: method is unavailable with group auth.
2025-09-30 23:06:35,256 - __main__ - INFO - VKinder bot остановлен пользователем
2025-09-30 23:06:35,260 - database - INFO - Соединение с базой данных закрыто
2025-09-30 23:06:39,732 - database - INFO - Успешное подключение к базе данных
2025-09-30 23:06:39,740 - database - INFO - Таблицы базы данных созданы успешно
2025-09-30 23:06:39,741 - __main__ - INFO - VKinder bot запущен!
2025-09-30 23:06:51,195 - vk_service - INFO - Поиск людей с параметрами: {'count': 100, 'fields': 'bdate,city,photo_100,sex', 'has_photo': 1, 'sort': 0, 'sex': 2, 'age_from': 18, 'age_to': 35}
2025-09-30 23:06:53,334 - vk_service - INFO - Найдено 100 кандидатов
2025-09-30 23:06:53,861 - vk_service - INFO - Найдено 2 фотографий для пользователя 597665170
2025-09-30 23:07:24,273 - database - INFO - Кандидат 597665170 добавлен в избранное пользователя 256828992
2025-09-30 23:07:24,744 - vk_service - INFO - Найдено 15 фотографий для пользователя 107991
2025-10-01 00:01:36,136 - database - INFO - Успешное подключение к базе данных
2025-10-01 00:01:36,146 - database - INFO - Таблицы базы данных созданы успешно
2025-10-01 00:01:36,147 - __main__ - INFO - VKinder bot запущен!
2025-10-01 00:02:08,118 - database - INFO - Избранные очищены для пользователя 256828992
2025-10-01 00:02:11,115 - vk_service - INFO - Поиск людей с параметрами: {'count': 100, 'fields': 'bdate,city,photo_100,sex', 'has_photo': 1, 'sort': 0, 'sex': 2, 'age_from': 18, 'age_to': 35}
2025-10-01 00:02:13,850 - vk_service - INFO - Найдено 100 кандидатов
2025-10-01 00:02:14,804 - vk_service - INFO - Найдено 1 фотографий для пользователя 389310405
2025-10-01 00:02:20,437 - database - INFO - Кандидат 389310405 добавлен в избранное пользователя 256828992
2025-10-01 00:02:21,363 - vk_service - INFO - Найдено 50 фотографий для пользователя 1324639
2025-10-01 00:03:14,105 - database - INFO - Успешное подключение к базе данных
2025-10-01 00:03:14,122 - database - INFO - Таблицы базы данных созданы успешно
2025-10-01 00:03:14,123 - __main__ - INFO - VKinder bot запущен!
2025-10-01 00:03:30,598 - database - INFO - Успешное подключение к базе данных
2025-10-01 00:03:30,608 - database - INFO - Таблицы базы данных созданы успешно
2025-10-01 00:03:30,609 - __main__ - INFO - VKinder bot запущен!
2025-10-01 00:03:40,770 - database - INFO - Избранные очищены для пользователя 256828992
2025-10-23 16:25:59,089 - database - INFO - Успешное подключение к базе данных
2025-10-23 16:25:59,143 - database - INFO - Таблицы базы данных созданы успешно
2025-10-23 16:25:59,144 - __main__ - INFO - VKinder bot запущен!
2025-10-23 16:35:05,164 - vk_service - INFO - Поиск людей с параметрами: {'count': 100, 'fields': 'bdate,city,photo_100,sex', 'has_photo': 1, 'sort': 0, 'sex': 2, 'age_from': 18, 'age_to': 35}
2025-10-23 16:35:08,611 - vk_service - INFO - Найдено 100 кандидатов
2025-10-23 16:35:09,095 - vk_service - INFO - Найдено 4 фотографий для пользователя 18204895
2025-10-23 17:31:28,575 - vk_service - INFO - Найдено 1 фотографий для пользователя 438825095
2025-10-23 19:50:48,221 - vk_service - INFO - Получена информация о пользователе 237933864
2025-10-23 19:50:48,221 - database - ERROR - Ошибка добавления пользователя 237933864: server closed the connection unexpectedly
	This probably means the server terminated abnormally
	before or while processing the request.

2025-10-23 19:50:50,893 - database - ERROR - Ошибка получения пользователя 237933864: connection already closed
2025-10-23 19:51:13,482 - vk_service - INFO - Получена информация о пользователе 237933864
2025-10-23 19:51:13,482 - database - ERROR - Ошибка добавления пользователя 237933864: connection already closed
2025-10-23 19:51:44,019 - database - ERROR - Ошибка получения пользователя 237933864: connection already closed
2025-10-23 19:52:00,280 - vk_service - INFO - Получена информация о пользователе 237933864
2025-10-23 19:52:00,280 - database - ERROR - Ошибка добавления пользователя 237933864: connection already closed
2025-10-23 19:52:07,193 - database - ERROR - Ошибка получения пользователя 237933864: connection already closed
2025-10-23 19:52:50,523 - database - INFO - Успешное подключение к базе данных
2025-10-23 19:52:50,534 - database - INFO - Таблицы базы данных созданы успешно
2025-10-23 19:52:50,535 - __main__ - INFO - VKinder bot запущен!
2025-10-23 19:52:50,730 - database - INFO - Успешное подключение к базе данных
2025-10-23 19:52:50,742 - database - INFO - Таблицы базы данных созданы успешно
2025-10-23 19:52:50,743 - __main__ - INFO - VKinder bot запущен!
2025-10-23 19:53:25,205 - vk_service - INFO - Получена информация о пользователе 237933864
2025-10-23 19:53:25,212 - vk_service - INFO - Получена информация о пользователе 237933864
2025-10-23 19:53:25,219 - database - INFO - Пользователь 237933864 добавлен/обновлен в БД
2025-10-23 19:53:25,224 - database - INFO - Пользователь 237933864 добавлен/обновлен в БД
2025-10-23 19:53:33,876 - vk_service - INFO - Поиск людей с параметрами: {'count': 100, 'fields': 'bdate,city,photo_100,sex', 'has_photo': 1, 'sort': 0, 'sex': 1, 'age_from': 21, 'age_to': 31}
2025-10-23 19:53:33,926 - vk_service - INFO - Поиск людей с параметрами: {'count': 100, 'fields': 'bdate,city,photo_100,sex', 'has_photo': 1, 'sort': 0, 'sex': 1, 'age_from': 21, 'age_to': 31}
2025-10-23 19:53:36,448 - vk_service - INFO - Найдено 100 кандидатов
2025-10-23 19:53:36,542 - vk_service - INFO - Найдено 100 кандидатов
2025-10-23 19:53:36,970 - vk_service - INFO - Найдено 6 фотографий для пользователя 827866476
2025-10-23 19:53:37,424 - vk_service - INFO - Найдено 138 фотографий для пользователя 562576032
2025-10-23 19:53:51,652 - vk_service - INFO - Найдено 1 фотографий для пользователя 795238260
2025-10-23 19:53:51,958 - vk_service - INFO - Найдено 2 фотографий для пользователя 823742652
2025-10-23 19:54:02,130 - vk_service - INFO - Найдено 4 фотографий для пользователя 409931223
2025-10-23 19:54:02,162 - vk_service - INFO - Найдено 27 фотографий для пользователя 615180372
2025-10-23 19:54:11,857 - vk_service - INFO - Найдено 11 фотографий для пользователя 828489663
2025-10-23 19:54:11,872 - vk_service - INFO - Найдено 13 фотографий для пользователя 287797916
2025-10-23 19:54:25,525 - vk_service - INFO - Найдено 14 фотографий для пользователя 849998636
2025-10-23 19:54:25,556 - vk_service - INFO - Найдено 15 фотографий для пользователя 703784270
2025-10-23 19:54:37,947 - vk_service - INFO - Найдено 19 фотографий для пользователя 592232790
2025-10-23 19:54:38,138 - vk_service - INFO - Найдено 74 фотографий для пользователя 85696004
2025-10-23 19:55:26,079 - database - INFO - Успешное подключение к базе данных
2025-10-23 19:55:26,087 - database - INFO - Таблицы базы данных созданы успешно
2025-10-23 19:55:26,088 - __main__ - INFO - VKinder bot запущен!
2025-10-23 19:55:34,976 - vk_service - INFO - Поиск людей с параметрами: {'count': 100, 'fields': 'bdate,city,photo_100,sex', 'has_photo': 1, 'sort': 0, 'sex': 1, 'age_from': 21, 'age_to': 31}
2025-10-23 19:55:37,231 - vk_service - INFO - Найдено 100 кандидатов
2025-10-23 19:55:37,797 - vk_service - INFO - Найдено 11 фотографий для пользователя 303406350
2025-10-23 19:55:48,964 - vk_service - INFO - Найдено 26 фотографий для пользователя 23143588
2025-10-23 19:56:00,417 - vk_service - INFO - Найдено 1 фотографий для пользователя 700234246
2025-10-23 19:56:07,927 - vk_service - INFO - Найдено 9 фотографий для пользователя 743159315
2025-10-23 19:56:16,900 - vk_service - INFO - Найдено 13 фотографий для пользователя 676194959
2025-10-23 19:59:05,437 - vk_service - INFO - Найдено 6 фотографий для пользователя 827866476
2025-10-23 19:59:09,804 - vk_service - INFO - Найдено 3 фотографий для пользователя 556244233
2025-10-23 19:59:13,841 - vk_service - INFO - Найдено 2 фотографий для пользователя 473977204
2025-10-23 19:59:19,946 - vk_service - INFO - Найдено 3 фотографий для пользователя 668062987
2025-10-23 23:15:40,523 - __main__ - ERROR - Критическая ошибка: ('Connection aborted.', RemoteDisconnected('Remote end closed connection without response'))
2025-10-23 23:15:40,523 - database - INFO - Соединение с базой данных закрыто
2025-10-25 11:19:28,476 - database - INFO - Успешное подключение к базе данных
2025-10-25 11:19:28,508 - database - INFO - Таблицы базы данных созданы успешно
2025-10-25 11:19:28,509 - __main__ - INFO - VKinder bot запущен!
2025-10-25 11:19:44,708 - vk_service - INFO - Поиск людей с параметрами: {'count': 100, 'fields': 'bdate,city,photo_100,sex', 'has_photo': 1, 'sort': 0, 'sex': 1, 'age_from': 21, 'age_to': 31}
2025-10-25 11:19:47,536 - vk_service - INFO - Найдено 100 кандидатов
2025-10-25 11:19:48,083 - vk_service - INFO - Найдено 4 фотографий для пользователя 741031377
2025-10-25 11:20:10,470 - vk_service - INFO - Найдено 7 фотографий для пользователя 708303664
2025-10-25 11:20:22,246 - vk_service - INFO - Найдено 6 фотографий для пользователя 766980491
2025-10-25 11:20:28,944 - vk_service - INFO - Найдено 1 фотографий для пользователя 830668377
2025-10-25 11:20:33,013 - vk_service - INFO - Найдено 4 фотографий для пользователя 748004501
2025-10-25 11:20:36,545 - database - INFO - Кандидат 748004501 добавлен в избранное пользователя 237933864
2025-10-25 11:20:37,082 - vk_service - INFO - Приватный профиль 130179531
2025-10-25 11:33:38,365 - vk_service - INFO - Получена информация о пользователе 830653172
2025-10-25 11:33:38,370 - database - INFO - Пользователь 830653172 добавлен/обновлен в БД
2025-10-25 11:34:03,607 - vk_service - INFO - Поиск людей с параметрами: {'count': 100, 'fields': 'bdate,city,photo_100,sex', 'has_photo': 1, 'sort': 0, 'sex': 1, 'age_from': 43, 'age_to': 53}
2025-10-25 11:34:05,885 - vk_service - INFO - Найдено 100 кандидатов
2025-10-25 11:34:06,398 - vk_service - INFO - Найдено 1 фотографий для пользователя 710573600
2025-10-25 11:34:38,130 - vk_service - INFO - Найдено 114 фотографий для пользователя 63088296
2025-10-25 11:35:48,506 - vk_service - INFO - Найдено 1 фотографий для пользователя 694274131
2025-10-25 11:35:55,426 - vk_service - INFO - Найдено 3 фотографий для пользователя 485871485
2025-10-25 11:36:03,841 - vk_service - INFO - Приватный профиль 50760688
2025-10-25 11:36:10,397 - vk_service - INFO - Найдено 3 фотографий для пользователя 640822026
2025-10-25 11:37:27,564 - vk_service - INFO - Поиск людей с параметрами: {'count': 100, 'fields': 'bdate,city,photo_100,sex', 'has_photo': 1, 'sort': 0, 'sex': 1, 'age_from': 43, 'age_to': 53}
2025-10-25 11:37:28,185 - vk_service - INFO - Найдено 100 кандидатов
2025-10-25 11:37:28,696 - vk_service - INFO - Найдено 2 фотографий для пользователя 1022679477
2025-10-25 11:37:42,389 - vk_service - INFO - Найдено 200 фотографий для пользователя 186663102
2025-10-25 11:37:57,669 - vk_service - INFO - Найдено 1 фотографий для пользователя 690354579
2025-10-25 11:38:11,508 - vk_service - INFO - Найдено 22 фотографий для пользователя 4084053
2025-10-25 11:38:19,606 - vk_service - INFO - Найдено 5 фотографий для пользователя 686553102
2025-10-25 18:15:24,942 - __main__ - ERROR - Критическая ошибка: HTTPSConnectionPool(host='im.vk.com', port=443): Read timed out. (read timeout=35)
2025-10-25 18:15:24,943 - database - INFO - Соединение с базой данных закрыто
2025-10-26 01:57:58,071 - database - INFO - Успешное подключение к базе данных
2025-10-26 01:57:58,103 - database - INFO - Таблицы базы данных созданы успешно
2025-10-26 01:57:58,104 - __main__ - INFO - VKinder bot запущен!
2025-10-26 01:58:20,665 - vk_service - INFO - Поиск людей с параметрами: {'count': 100, 'fields': 'bdate,city,photo_100,sex', 'has_photo': 1, 'sort': 0, 'sex': 1, 'age_from': 21, 'age_to': 31}
2025-10-26 01:58:22,731 - vk_service - INFO - Найдено 100 кандидатов
2025-10-26 01:58:24,055 - vk_service - INFO - Найдено 200 фотографий для пользователя 138469608
2025-10-26 01:59:57,704 - vk_service - INFO - Поиск людей с параметрами: {'count': 100, 'fields': 'bdate,city,photo_100,sex', 'has_photo': 1, 'sort': 0, 'sex': 1, 'age_from': 21, 'age_to': 31}
2025-10-26 01:59:58,090 - vk_service - INFO - Найдено 100 кандидатов
2025-10-26 01:59:58,601 - vk_service - INFO - Найдено 2 фотографий для пользователя 679477459
2025-10-26 03:12:00,268 - database - INFO - Успешное подключение к базе данных
2025-10-26 03:12:00,277 - database - INFO - Таблицы базы данных созданы успешно
2025-10-26 03:12:00,278 - __main__ - INFO - VKinder bot запущен!
2025-10-26 03:12:09,167 - vk_service - INFO - Поиск людей с параметрами: {'count': 100, 'fields': 'bdate,city,photo_100,sex', 'has_photo': 1, 'sort': 0, 'sex': 1, 'age_from': 21, 'age_to': 31, 'city': 50}
2025-10-26 03:12:11,539 - vk_service - INFO - Найдено 100 кандидатов
2025-10-26 03:12:12,051 - vk_service - INFO - Найдено 3 фотографий для пользователя 55635784
2025-10-26 03:12:17,872 - vk_service - INFO - Найдено 40 фотографий для пользователя 147493381
2025-10-26 03:15:07,225 - vk_service - INFO - Поиск людей с параметрами: {'count': 100, 'fields': 'bdate,city,photo_100,sex', 'has_photo': 1, 'sort': 0, 'sex': 2, 'age_from': 18, 'age_to': 35, 'city': 50}
2025-10-26 03:15:07,859 - vk_service - INFO - Найдено 100 кандидатов
2025-10-26 03:15:08,426 - vk_service - INFO - Найдено 16 фотографий для пользователя 195728130
2025-10-26 03:18:58,858 - database - INFO - Успешное подключение к базе данных
2025-10-26 03:18:58,868 - database - INFO - Таблицы базы данных созданы успешно
2025-10-26 03:18:58,869 - __main__ - INFO - VKinder bot запущен!
2025-10-26 03:19:20,766 - database - INFO - Пол пользователя 256828992 обновлён на 1
2025-10-26 03:19:47,591 - database - INFO - Возраст пользователя 256828992 обновлён на 25
2025-10-26 03:20:06,820 - database - INFO - Город пользователя 256828992 обновлён на пермь
2025-10-26 03:20:24,511 - vk_service - INFO - Поиск людей с параметрами: {'count': 100, 'fields': 'bdate,city,photo_100,sex', 'has_photo': 1, 'sort': 0, 'sex': 2, 'age_from': 20, 'age_to': 30, 'city': 50}
2025-10-26 03:20:27,412 - vk_service - INFO - Найдено 100 кандидатов
2025-10-26 03:20:27,942 - vk_service - INFO - Найдено 4 фотографий для пользователя 139244013
2025-10-26 03:20:35,708 - vk_service - INFO - Приватный профиль 153077097
2025-10-26 03:20:44,446 - vk_service - INFO - Найдено 5 фотографий для пользователя 99323170
2025-10-26 03:21:25,191 - vk_service - INFO - Приватный профиль 154195045
2025-10-26 03:21:31,111 - vk_service - INFO - Найдено 8 фотографий для пользователя 266263529
2025-10-26 03:21:41,042 - vk_service - INFO - Найдено 2 фотографий для пользователя 234914564
2025-10-26 03:21:47,432 - vk_service - INFO - Найдено 3 фотографий для пользователя 147260028
2025-10-26 03:24:49,627 - vk_service - INFO - Найдено 12 фотографий для пользователя 32607881
2025-10-26 03:28:15,678 - __main__ - INFO - VKinder bot остановлен пользователем
2025-10-26 03:28:15,681 - database - INFO - Соединение с базой данных закрыто
2025-10-26 03:29:11,379 - database - INFO - Успешное подключение к базе данных
2025-10-26 03:29:11,389 - database - INFO - Таблицы базы данных созданы успешно
2025-10-26 03:29:11,390 - __main__ - INFO - VKinder bot запущен!
2025-10-26 03:29:25,573 - vk_service - INFO - Поиск людей с параметрами: {'count': 100, 'fields': 'bdate,city,photo_100,sex', 'has_photo': 1, 'sort': 0, 'sex': 2, 'age_from': 20, 'age_to': 30, 'city': 50}
2025-10-26 03:29:27,673 - vk_service - INFO - Найдено 100 кандидатов
2025-10-26 03:29:28,166 - vk_service - INFO - Приватный профиль 57569905
2025-10-26 03:30:44,390 - database - INFO - Пол пользователя 256828992 обновлён на 2
2025-10-26 03:30:51,592 - vk_service - INFO - Поиск людей с параметрами: {'count': 100, 'fields': 'bdate,city,photo_100,sex', 'has_photo': 1, 'sort': 0, 'sex': 1, 'age_from': 20, 'age_to': 30, 'city': 50}
2025-10-26 03:30:52,189 - vk_service - INFO - Найдено 100 кандидатов
2025-10-26 03:30:52,701 - vk_service - INFO - Приватный профиль 158511955
2025-10-26 03:32:10,360 - __main__ - INFO - VKinder bot остановлен пользователем
2025-10-26 03:32:10,364 - database - INFO - Соединение с базой данных закрыто
2025-10-26 03:32:53,788 - database - INFO - Успешное подключение к базе данных
2025-10-26 03:32:53,797 - database - INFO - Таблицы базы данных созданы успешно
2025-10-26 03:32:53,798 - __main__ - INFO - VKinder bot запущен!
2025-10-26 03:33:04,851 - __main__ - INFO - Неизвестная команда от 256828992: 'к'
2025-10-26 03:33:08,739 - vk_service - INFO - Поиск людей с параметрами: {'count': 100, 'fields': 'bdate,city,photo_100,sex', 'has_photo': 1, 'sort': 0, 'sex': 1, 'age_from': 20, 'age_to': 30, 'city': 50}
2025-10-26 03:33:11,011 - vk_service - INFO - Найдено 100 кандидатов
2025-10-26 03:33:11,535 - vk_service - INFO - Найдено 3 фотографий для пользователя 21881325
2025-10-26 03:33:47,357 - database - INFO - Город пользователя 256828992 обновлён на москва
2025-10-26 03:33:52,993 - vk_service - INFO - Поиск людей с параметрами: {'count': 100, 'fields': 'bdate,city,photo_100,sex', 'has_photo': 1, 'sort': 0, 'sex': 1, 'age_from': 20, 'age_to': 30, 'city': 1}
2025-10-26 03:33:53,756 - vk_service - INFO - Найдено 100 кандидатов
2025-10-26 03:33:54,553 - vk_service - INFO - Найдено 64 фотографий для пользователя 31039022
2025-10-26 03:34:27,980 - database - INFO - Город пользователя 256828992 обновлён на пермь
2025-10-26 03:34:36,697 - vk_service - INFO - Поиск людей с параметрами: {'count': 100, 'fields': 'bdate,city,photo_100,sex', 'has_photo': 1, 'sort': 0, 'sex': 1, 'age_from': 20, 'age_to': 30, 'city': 50}
2025-10-26 03:34:37,114 - vk_service - INFO - Найдено 100 кандидатов
2025-10-26 03:34:37,708 - vk_service - INFO - Найдено 19 фотографий для пользователя 142249565
2025-10-26 03:37:23,162 - database - INFO - Успешное подключение к базе данных
2025-10-26 03:37:23,171 - database - INFO - Таблицы базы данных созданы успешно
2025-10-26 03:37:23,172 - __main__ - INFO - VKinder bot запущен!
2025-10-26 03:37:28,763 - vk_service - INFO - Поиск людей с параметрами: {'count': 100, 'fields': 'bdate,city,photo_100,sex', 'has_photo': 1, 'sort': 0, 'sex': 1, 'age_from': 20, 'age_to': 30, 'city': 50}
2025-10-26 03:37:32,491 - vk_service - INFO - Найдено 100 кандидатов
2025-10-26 03:37:32,989 - vk_service - INFO - Приватный профиль 145980313
2025-10-26 03:39:27,791 - __main__ - INFO - VKinder bot остановлен пользователем
2025-10-26 03:39:27,795 - database - INFO - Соединение с базой данных закрыто
2025-10-26 03:39:41,807 - database - INFO - Успешное подключение к базе данных
2025-10-26 03:39:41,818 - database - INFO - Таблицы базы данных созданы успешно
2025-10-26 03:39:41,818 - __main__ - INFO - VKinder bot запущен!
2025-10-26 03:39:54,977 - database - INFO - Город пользователя 256828992 обновлён на пермь
2025-10-26 03:40:01,245 - vk_service - INFO - Поиск людей с параметрами: {'count': 100, 'fields': 'bdate,city,photo_100,sex', 'has_photo': 1, 'sort': 0, 'sex': 1, 'age_from': 20, 'age_to': 30, 'city': 50}
2025-10-26 03:40:03,107 - vk_service - INFO - Найдено 100 кандидатов
2025-10-26 03:40:03,606 - vk_service - INFO - Приватный профиль 153631646
2025-10-26 03:40:52,349 - vk_service - INFO - Поиск людей с параметрами: {'count': 100, 'fields': 'bdate,city,photo_100,sex', 'has_photo': 1, 'sort': 0, 'sex': 1, 'age_from': 20, 'age_to': 30, 'city': 50}
2025-10-26 03:40:52,801 - vk_service - INFO - Найдено 100 кандидатов
2025-10-26 03:40:53,296 - vk_service - INFO - Приватный профиль 241813754
2025-10-26 03:46:32,027 - vk_service - INFO - Найдено 43 фотографий для пользователя 75973306
2025-10-26 03:46:54,681 - database - INFO - Город пользователя 256828992 обновлён на новосибирск
2025-10-26 03:46:59,863 - vk_service - INFO - Поиск людей с параметрами: {'count': 100, 'fields': 'bdate,city,photo_100,sex', 'has_photo': 1, 'sort': 0, 'sex': 1, 'age_from': 20, 'age_to': 30, 'city': 99}
2025-10-26 03:47:00,660 - vk_service - INFO - Найдено 100 кандидатов
2025-10-26 03:47:01,313 - vk_service - INFO - Найдено 33 фотографий для пользователя 72059412
2025-10-26 03:48:21,633 - database - INFO - Город пользователя 256828992 обновлён на санкт-петербург
2025-10-26 03:48:27,661 - vk_service - INFO - Поиск людей с параметрами: {'count': 100, 'fields': 'bdate,city,photo_100,sex', 'has_photo': 1, 'sort': 0, 'sex': 1, 'age_from': 20, 'age_to': 30, 'city': 2}
2025-10-26 03:48:28,327 - vk_service - INFO - Найдено 100 кандидатов
2025-10-26 03:48:28,842 - vk_service - INFO - Найдено 3 фотографий для пользователя 728215772
2025-10-26 03:48:57,472 - database - INFO - Город пользователя 256828992 обновлён на 50
2025-10-26 03:49:07,901 - vk_service - INFO - Поиск людей с параметрами: {'count': 100, 'fields': 'bdate,city,photo_100,sex', 'has_photo': 1, 'sort': 0, 'sex': 1, 'age_from': 20, 'age_to': 30}
2025-10-26 03:49:08,699 - vk_service - INFO - Найдено 100 кандидатов
2025-10-26 03:49:09,196 - vk_service - INFO - Приватный профиль 811860423
2025-10-26 03:49:51,465 - database - INFO - Город пользователя 256828992 обновлён на пермь
2025-10-26 03:50:03,671 - vk_service - INFO - Поиск людей с параметрами: {'count': 100, 'fields': 'bdate,city,photo_100,sex', 'has_photo': 1, 'sort': 0, 'sex': 1, 'age_from': 20, 'age_to': 30, 'city': 50}
2025-10-26 03:50:04,079 - vk_service - INFO - Найдено 100 кандидатов
2025-10-26 03:50:05,300 - vk_service - INFO - Найдено 199 фотографий для пользователя 37412050
2025-10-26 03:50:52,732 - database - INFO - Город пользователя 256828992 обновлён на елабуга
2025-10-26 03:51:00,141 - vk_service - INFO - Поиск людей с параметрами: {'count': 100, 'fields': 'bdate,city,photo_100,sex', 'has_photo': 1, 'sort': 0, 'sex': 1, 'age_from': 20, 'age_to': 30, 'city': 292}
2025-10-26 03:51:00,684 - vk_service - INFO - Найдено 100 кандидатов
2025-10-26 03:51:01,494 - vk_service - INFO - Найдено 23 фотографий для пользователя 21775821
2025-10-26 03:51:47,752 - vk_service - INFO - Приватный профиль 82073377
2025-10-26 03:56:27,599 - __main__ - INFO - VKinder bot остановлен пользователем
2025-10-26 03:56:27,604 - database - INFO - Соединение с базой данных закрыто
2025-10-26 03:56:48,786 - database - INFO - Успешное подключение к базе данных
2025-10-26 03:56:48,797 - database - INFO - Таблицы базы данных созданы успешно
2025-10-26 03:56:48,798 - __main__ - INFO - VKinder bot запущен!
2025-10-26 03:56:59,350 - __main__ - INFO - Неизвестная команда от 256828992: 'в'
2025-10-26 03:57:10,403 - database - INFO - Пол пользователя 256828992 обновлён на 1
2025-10-26 03:57:16,778 - database - INFO - Город пользователя 256828992 обновлён на пермь
2025-10-26 03:57:25,321 - vk_service - INFO - Поиск людей с параметрами: {'count': 100, 'fields': 'bdate,city,photo_100,sex', 'has_photo': 1, 'sort': 0, 'sex': 2, 'age_from': 20, 'age_to': 30, 'city': 50}
2025-10-26 03:57:27,895 - vk_service - INFO - Найдено 100 кандидатов
2025-10-26 03:57:28,406 - vk_service - INFO - Приватный профиль 280653150
2025-10-26 03:59:48,194 - database - INFO - Успешное подключение к базе данных
2025-10-26 03:59:48,211 - database - INFO - Таблицы базы данных созданы успешно
2025-10-26 03:59:48,212 - __main__ - INFO - VKinder bot запущен!
2025-10-26 03:59:55,279 - vk_service - INFO - Поиск людей с параметрами: {'count': 100, 'fields': 'bdate,city,photo_100,sex', 'has_photo': 1, 'sort': 0, 'sex': 2, 'age_from': 20, 'age_to': 30, 'city': 50}
2025-10-26 03:59:57,753 - vk_service - INFO - Найдено 100 кандидатов
2025-10-26 03:59:58,517 - vk_service - INFO - Найдено 51 фотографий для пользователя 258820520
2025-10-26 04:00:38,049 - database - INFO - Город пользователя 256828992 обновлён на екатеринбург
2025-10-26 04:00:38,050 - __main__ - INFO - После обновления город в БД: 'екатеринбург'
2025-10-26 04:00:44,728 - vk_service - INFO - Поиск людей с параметрами: {'count': 100, 'fields': 'bdate,city,photo_100,sex', 'has_photo': 1, 'sort': 0, 'sex': 2, 'age_from': 20, 'age_to': 30, 'city': 54}
2025-10-26 04:00:45,414 - vk_service - INFO - Найдено 100 кандидатов
2025-10-26 04:00:45,956 - vk_service - INFO - Найдено 2 фотографий для пользователя 285166007
2025-10-26 04:01:06,850 - database - INFO - Город пользователя 256828992 обновлён на санкт-петербург
2025-10-26 04:01:06,852 - __main__ - INFO - После обновления город в БД: 'санкт-петербург'
2025-10-26 04:01:17,192 - vk_service - INFO - Поиск людей с параметрами: {'count': 100, 'fields': 'bdate,city,photo_100,sex', 'has_photo': 1, 'sort': 0, 'sex': 2, 'age_from': 20, 'age_to': 30, 'city': 2}
2025-10-26 04:01:17,803 - vk_service - INFO - Найдено 100 кандидатов
2025-10-26 04:01:18,331 - vk_service - INFO - Найдено 8 фотографий для пользователя 129182
2025-10-26 04:01:42,596 - vk_service - INFO - Поиск людей с параметрами: {'count': 100, 'fields': 'bdate,city,photo_100,sex', 'has_photo': 1, 'sort': 0, 'sex': 2, 'age_from': 20, 'age_to': 30, 'city': 2}
2025-10-26 04:01:42,988 - vk_service - INFO - Найдено 100 кандидатов
2025-10-26 04:01:43,666 - vk_service - INFO - Найдено 47 фотографий для пользователя 60668374
2025-10-26 04:01:50,616 - vk_service - INFO - Приватный профиль 171505636
2025-10-26 04:02:39,460 - database - INFO - Город пользователя 256828992 обновлён на казань
2025-10-26 04:02:39,461 - __main__ - INFO - После обновления город в БД: 'казань'
2025-10-26 04:02:45,931 - vk_service - INFO - Поиск людей с параметрами: {'count': 100, 'fields': 'bdate,city,photo_100,sex', 'has_photo': 1, 'sort': 0, 'sex': 2, 'age_from': 20, 'age_to': 30, 'city': 73}
2025-10-26 04:02:46,539 - vk_service - INFO - Найдено 100 кандидатов
2025-10-26 04:02:47,061 - vk_service - INFO - Найдено 1 фотографий для пользователя 272260126
2025-10-26 04:04:22,404 - __main__ - INFO - VKinder bot остановлен пользователем
2025-10-26 04:04:22,407 - database - INFO - Соединение с базой данных закрыто
2025-10-26 04:05:20,300 - database - INFO - Успешное подключение к базе данных
2025-10-26 04:05:20,310 - database - INFO - Таблицы базы данных созданы успешно
2025-10-26 04:05:20,311 - __main__ - INFO - VKinder bot запущен!
2025-10-26 04:05:36,488 - database - INFO - Успешное подключение к базе данных
2025-10-26 04:05:36,498 - database - INFO - Таблицы базы данных созданы успешно
2025-10-26 04:05:36,499 - __main__ - INFO - VKinder bot запущен!
2025-10-26 04:05:41,372 - __main__ - INFO - Неизвестная команда от 256828992: 'а'
2025-10-26 04:05:53,199 - database - INFO - Город пользователя 256828992 обновлён на екатеринбург
2025-10-26 04:05:53,201 - __main__ - INFO - После обновления город в БД: 'екатеринбург'
2025-10-26 04:05:58,929 - vk_service - INFO - Поиск людей с параметрами: {'count': 100, 'fields': 'bdate,city,photo_100,sex', 'has_photo': 1, 'sort': 0, 'sex': 2, 'age_from': 20, 'age_to': 30, 'city': 54}
2025-10-26 04:06:01,831 - vk_service - INFO - Найдено 100 кандидатов
2025-10-26 04:06:02,581 - vk_service - INFO - Найдено 38 фотографий для пользователя 275347246
2025-10-26 04:07:50,670 - database - INFO - Успешное подключение к базе данных
2025-10-26 04:07:50,683 - database - INFO - Таблицы базы данных созданы успешно
2025-10-26 04:07:50,684 - __main__ - INFO - VKinder bot запущен!
2025-10-26 04:07:55,116 - __main__ - INFO - Неизвестная команда от 256828992: 'у'
2025-10-26 04:07:58,657 - vk_service - INFO - Поиск людей с параметрами: {'count': 100, 'fields': 'bdate,city,photo_100,sex', 'has_photo': 1, 'sort': 0, 'sex': 2, 'age_from': 20, 'age_to': 30, 'city': 54}
2025-10-26 04:08:01,768 - vk_service - INFO - Найдено 100 кандидатов
2025-10-26 04:08:02,311 - vk_service - INFO - Найдено 1 фотографий для пользователя 170461039
2025-10-26 04:09:47,998 - database - INFO - Успешное подключение к базе данных
2025-10-26 04:09:48,010 - database - INFO - Таблицы базы данных созданы успешно
2025-10-26 04:09:48,011 - __main__ - INFO - VKinder bot запущен!
2025-10-26 04:09:55,729 - vk_service - INFO - Поиск людей с параметрами: {'count': 100, 'fields': 'bdate,city,photo_100,sex', 'has_photo': 1, 'sort': 0, 'sex': 2, 'age_from': 20, 'age_to': 30, 'city': 54}
2025-10-26 04:09:59,057 - vk_service - INFO - Найдено 100 кандидатов
2025-10-26 04:09:59,698 - vk_service - INFO - Найдено 25 фотографий для пользователя 275739954
2025-10-26 04:11:51,533 - database - INFO - Успешное подключение к базе данных
2025-10-26 04:11:51,542 - database - INFO - Таблицы базы данных созданы успешно
2025-10-26 04:11:51,543 - __main__ - INFO - VKinder bot запущен!
2025-10-26 04:12:00,055 - __main__ - INFO - Неизвестная команда от 256828992: 'в'
2025-10-26 04:12:39,721 - database - INFO - Город пользователя 256828992 обновлён на казань
2025-10-26 04:12:39,722 - __main__ - INFO - После обновления город в БД: 'казань'
2025-10-26 04:12:51,202 - vk_service - INFO - Поиск людей с параметрами: {'count': 100, 'fields': 'bdate,city,photo_100,sex', 'has_photo': 1, 'sort': 0, 'sex': 2, 'age_from': 20, 'age_to': 30, 'city': 73}
2025-10-26 04:12:54,307 - vk_service - INFO - Найдено 100 кандидатов
2025-10-26 04:12:54,802 - vk_service - INFO - Найдено 1 фотографий для пользователя 481300107
2025-10-26 04:13:09,256 - database - INFO - Кандидат 481300107 добавлен в черный список пользователя 256828992
2025-10-26 04:13:09,817 - vk_service - INFO - Найдено 33 фотографий для пользователя 132969102
2025-10-26 04:14:37,539 - database - INFO - Успешное подключение к базе данных
2025-10-26 04:14:37,552 - database - INFO - Таблицы базы данных созданы успешно
2025-10-26 04:14:37,553 - __main__ - INFO - VKinder bot запущен!
2025-10-26 04:15:27,924 - database - INFO - Город пользователя 256828992 обновлён на красноярск
2025-10-26 04:15:27,927 - __main__ - INFO - После обновления город в БД: 'красноярск'
2025-10-26 04:15:37,037 - vk_service - INFO - Поиск людей с параметрами: {'count': 100, 'fields': 'bdate,city,photo_100,sex', 'has_photo': 1, 'sort': 0, 'sex': 2, 'age_from': 20, 'age_to': 30, 'city': 73}
2025-10-26 04:15:39,781 - vk_service - INFO - Найдено 100 кандидатов
2025-10-26 04:15:40,302 - vk_service - INFO - Найдено 1 фотографий для пользователя 228329079
2025-10-26 04:15:46,945 - vk_service - INFO - Найдено 8 фотографий для пользователя 84609543
2025-10-26 04:16:27,273 - __main__ - INFO - VKinder bot остановлен пользователем
2025-10-26 04:16:27,277 - database - INFO - Соединение с базой данных закрыто
2025-10-26 04:16:46,823 - database - INFO - Успешное подключение к базе данных
2025-10-26 04:16:46,836 - database - INFO - Таблицы базы данных созданы успешно
2025-10-26 04:16:46,837 - __main__ - INFO - VKinder bot запущен!
2025-10-26 04:16:53,507 - vk_service - INFO - Поиск людей с параметрами: {'count': 100, 'fields': 'bdate,city,photo_100,sex', 'has_photo': 1, 'sort': 0, 'sex': 2, 'age_from': 20, 'age_to': 30, 'city': 73}
2025-10-26 04:16:56,513 - vk_service - INFO - Найдено 100 кандидатов
2025-10-26 04:16:57,028 - vk_service - INFO - Найдено 2 фотографий для пользователя 345999995
2025-10-26 04:17:12,555 - database - INFO - Город пользователя 256828992 обновлён на красноярск
2025-10-26 04:17:12,556 - __main__ - INFO - После обновления город в БД: 'красноярск'
2025-10-26 04:17:19,464 - vk_service - INFO - Поиск людей с параметрами: {'count': 100, 'fields': 'bdate,city,photo_100,sex', 'has_photo': 1, 'sort': 0, 'sex': 2, 'age_from': 20, 'age_to': 30, 'city': 73}
2025-10-26 04:17:19,792 - vk_service - INFO - Найдено 100 кандидатов
2025-10-26 04:17:20,749 - vk_service - INFO - Найдено 84 фотографий для пользователя 491506572
2025-10-26 04:18:24,807 - database - INFO - Успешное подключение к базе данных
2025-10-26 04:18:24,818 - database - INFO - Таблицы базы данных созданы успешно
2025-10-26 04:18:24,819 - __main__ - INFO - VKinder bot запущен!
2025-10-26 04:18:31,699 - vk_service - INFO - Поиск людей с параметрами: {'count': 100, 'fields': 'bdate,city,photo_100,sex', 'has_photo': 1, 'sort': 0, 'sex': 2, 'age_from': 20, 'age_to': 30, 'city': 73}
2025-10-26 04:18:34,134 - vk_service - INFO - Найдено 100 кандидатов
2025-10-26 04:18:34,624 - vk_service - INFO - Приватный профиль 125532711
2025-10-26 04:18:51,346 - database - INFO - Город пользователя 256828992 обновлён на новосибирск
2025-10-26 04:18:51,348 - __main__ - INFO - После обновления город в БД: 'новосибирск'
2025-10-26 04:18:56,231 - vk_service - INFO - Поиск людей с параметрами: {'count': 100, 'fields': 'bdate,city,photo_100,sex', 'has_photo': 1, 'sort': 0, 'sex': 2, 'age_from': 20, 'age_to': 30, 'city': 99}
2025-10-26 04:18:56,900 - vk_service - INFO - Найдено 100 кандидатов
2025-10-26 04:18:57,717 - vk_service - INFO - Найдено 1 фотографий для пользователя 348194647
2025-10-26 04:21:21,821 - __main__ - INFO - VKinder bot остановлен пользователем
2025-10-26 04:21:21,825 - database - INFO - Соединение с базой данных закрыто
2025-10-26 04:21:29,345 - database - INFO - Успешное подключение к базе данных
2025-10-26 04:21:29,354 - database - INFO - Таблицы базы данных созданы успешно
2025-10-26 04:21:29,355 - __main__ - INFO - VKinder bot запущен!
2025-10-26 04:21:34,435 - vk_service - INFO - Поиск людей с параметрами: {'count': 100, 'fields': 'bdate,city,photo_100,sex', 'has_photo': 1, 'sort': 0, 'sex': 2, 'age_from': 20, 'age_to': 30, 'city': 99}
2025-10-26 04:21:36,680 - vk_service - INFO - Найдено 100 кандидатов
2025-10-26 04:21:37,195 - vk_service - INFO - Найдено 2 фотографий для пользователя 246027496
2025-10-26 04:29:35,123 - database - INFO - Успешное подключение к базе данных
2025-10-26 04:29:35,136 - database - INFO - Таблицы базы данных созданы успешно
2025-10-26 04:29:35,137 - __main__ - INFO - VKinder bot запущен!
2025-10-26 04:29:37,704 - __main__ - INFO - Неизвестная команда от 256828992: 'в'
2025-10-26 04:29:45,246 - vk_service - INFO - Поиск людей с параметрами: {'count': 100, 'fields': 'bdate,city,photo_100,sex', 'has_photo': 1, 'sort': 0, 'sex': 2, 'age_from': 20, 'age_to': 30, 'city': 99}
2025-10-26 04:29:47,238 - vk_service - INFO - Найдено 100 кандидатов
2025-10-26 04:29:47,848 - vk_service - INFO - Найдено 23 фотографий для пользователя 268168309
2025-10-26 04:30:36,994 - database - INFO - Успешное подключение к базе данных
2025-10-26 04:30:37,003 - database - INFO - Таблицы базы данных созданы успешно
2025-10-26 04:30:37,004 - __main__ - INFO - VKinder bot запущен!
2025-10-26 04:30:39,771 - __main__ - INFO - Неизвестная команда от 256828992: 'ва'
2025-10-26 04:46:32,138 - database - INFO - Успешное подключение к базе данных
2025-10-26 04:46:32,149 - database - INFO - Таблицы базы данных созданы успешно
2025-10-26 04:46:32,150 - __main__ - INFO - VKinder bot запущен!
2025-10-26 04:46:40,597 - __main__ - INFO - Неизвестная команда от 256828992: 'dff'
2025-10-26 04:48:33,313 - database - INFO - Успешное подключение к базе данных
2025-10-26 04:48:33,322 - database - INFO - Таблицы базы данных созданы успешно
2025-10-26 04:48:33,322 - __main__ - INFO - VKinder bot запущен!
2025-10-26 04:48:37,727 - __main__ - INFO - Неизвестная команда от 256828992: 'k'
2025-10-26 04:51:55,622 - __main__ - INFO - VKinder bot остановлен пользователем
2025-10-26 04:51:55,627 - database - INFO - Соединение с базой данных закрыто
2025-10-26 19:47:32,143 - database - INFO - Успешное подключение к базе данных
2025-10-26 19:47:32,185 - database - INFO - Таблицы базы данных созданы успешно
2025-10-26 19:47:32,186 - __main__ - INFO - VKinder bot запущен!
2025-10-26 19:47:34,015 - database - INFO - Успешное подключение к базе данных
2025-10-26 19:47:34,022 - database - INFO - Таблицы базы данных созданы успешно
2025-10-26 19:47:34,023 - __main__ - INFO - VKinder bot запущен!
2025-10-26 19:47:36,088 - database - INFO - Успешное подключение к базе данных
2025-10-26 19:47:36,098 - database - INFO - Таблицы базы данных созданы успешно
2025-10-26 19:47:36,099 - __main__ - INFO - VKinder bot запущен!
2025-10-26 19:47:36,387 - database - INFO - Успешное подключение к базе данных
2025-10-26 19:47:36,395 - database - INFO - Таблицы базы данных созданы успешно
2025-10-26 19:47:36,396 - __main__ - INFO - VKinder bot запущен!
2025-10-26 19:47:40,529 - database - INFO - Успешное подключение к базе данных
2025-10-26 19:47:40,539 - database - INFO - Таблицы базы данных созданы успешно
2025-10-26 19:47:40,540 - __main__ - INFO - VKinder bot запущен!
2025-10-26 19:47:42,032 - database - INFO - Успешное подключение к базе данных
2025-10-26 19:47:42,040 - database - INFO - Таблицы базы данных созданы успешно
2025-10-26 19:47:42,041 - __main__ - INFO - VKinder bot запущен!
2025-10-27 12:40:44,222 - __main__ - ERROR - Критическая ошибка: HTTPSConnectionPool(host='im.vk.com', port=443): Read timed out. (read timeout=35)
2025-10-27 12:40:44,223 - database - INFO - Соединение с базой данных закрыто
2025-10-27 12:40:44,580 - __main__ - ERROR - Критическая ошибка: HTTPSConnectionPool(host='im.vk.com', port=443): Read timed out. (read timeout=35)
2025-10-27 12:40:44,580 - database - INFO - Соединение с базой данных закрыто
2025-10-27 12:40:44,660 - __main__ - ERROR - Критическая ошибка: ('Connection aborted.', ConnectionResetError(10054, 'Удаленный хост принудительно разорвал существующее подключение', None, 10054, None))
2025-10-27 12:40:44,661 - __main__ - ERROR - Критическая ошибка: ('Connection aborted.', ConnectionResetError(10054, 'Удаленный хост принудительно разорвал существующее подключение', None, 10054, None))
2025-10-27 12:40:44,661 - database - INFO - Соединение с базой данных закрыто
2025-10-27 12:40:44,660 - __main__ - ERROR - Критическая ошибка: ('Connection aborted.', ConnectionResetError(10054, 'Удаленный хост принудительно разорвал существующее подключение', None, 10054, None))
2025-10-27 12:40:44,672 - database - INFO - Соединение с базой данных закрыто
2025-10-27 12:40:44,855 - __main__ - ERROR - Критическая ошибка: ('Connection aborted.', ConnectionResetError(10054, 'Удаленный хост принудительно разорвал существующее подключение', None, 10054, None))
2025-10-27 12:40:45,245 - database - INFO - Соединение с базой данных закрыто
2025-10-27 12:56:47,596 - database - INFO - Успешное подключение к базе данных
2025-10-27 12:56:47,603 - database - INFO - Таблицы базы данных созданы успешно
2025-10-27 12:56:47,604 - __main__ - INFO - VKinder bot запущен!
2025-10-27 12:57:14,240 - __main__ - INFO - VKinder bot остановлен пользователем
2025-10-27 12:57:14,243 - database - INFO - Соединение с базой данных закрыто
